Using pre-set license
Built from '2021.3/release' branch; Version is '2021.3.27f1 (ca3ffb99bcc6) revision 13254651'; Using compiler version '192829333'; Build Type 'Release'
OS: 'Windows 10  (10.0.19045) 64bit Professional' Language: 'ru' Physical Memory: 16306 MB
BatchMode: 1, IsHumanControllingUs: 0, StartBugReporterOnCrash: 0, Is64bit: 1, IsPro: 1

COMMAND LINE ARGUMENTS:
C:\Program Files\Unity\2021.3.27f1\Editor\Unity.exe
-adb2
-batchMode
-noUpm
-name
AssetImportWorker3
-projectPath
C:/Users/Alexander/Documents/AzurGames/AzurGamesTest
-logFile
Logs/AssetImportWorker3.log
-srvPort
53907
Successfully changed project path to: C:/Users/Alexander/Documents/AzurGames/AzurGamesTest
C:/Users/Alexander/Documents/AzurGames/AzurGamesTest
[UnityMemory] Configuration Parameters - Can be set up in boot.config
    "memorysetup-bucket-allocator-granularity=16"
    "memorysetup-bucket-allocator-bucket-count=8"
    "memorysetup-bucket-allocator-block-size=33554432"
    "memorysetup-bucket-allocator-block-count=8"
    "memorysetup-main-allocator-block-size=16777216"
    "memorysetup-thread-allocator-block-size=16777216"
    "memorysetup-gfx-main-allocator-block-size=16777216"
    "memorysetup-gfx-thread-allocator-block-size=16777216"
    "memorysetup-cache-allocator-block-size=4194304"
    "memorysetup-typetree-allocator-block-size=2097152"
    "memorysetup-profiler-bucket-allocator-granularity=16"
    "memorysetup-profiler-bucket-allocator-bucket-count=8"
    "memorysetup-profiler-bucket-allocator-block-size=33554432"
    "memorysetup-profiler-bucket-allocator-block-count=8"
    "memorysetup-profiler-allocator-block-size=16777216"
    "memorysetup-profiler-editor-allocator-block-size=1048576"
    "memorysetup-temp-allocator-size-main=16777216"
    "memorysetup-job-temp-allocator-block-size=2097152"
    "memorysetup-job-temp-allocator-block-size-background=1048576"
    "memorysetup-job-temp-allocator-reduction-small-platforms=262144"
    "memorysetup-temp-allocator-size-background-worker=32768"
    "memorysetup-temp-allocator-size-job-worker=262144"
    "memorysetup-temp-allocator-size-preload-manager=33554432"
    "memorysetup-temp-allocator-size-nav-mesh-worker=65536"
    "memorysetup-temp-allocator-size-audio-worker=65536"
    "memorysetup-temp-allocator-size-cloud-worker=32768"
    "memorysetup-temp-allocator-size-gi-baking-worker=262144"
    "memorysetup-temp-allocator-size-gfx=262144"
Player connection [32652] Host "[IP] 192.168.1.107 [Port] 0 [Flags] 2 [Guid] 3946834822 [EditorId] 3946834822 [Version] 1048832 [Id] WindowsEditor(7,DESKTOP-6OO76J4) [Debug] 1 [PackageName] WindowsEditor [ProjectName] Editor" joined multi-casting on [225.0.0.222:54997]...

Player connection [32652] Host "[IP] 192.168.1.107 [Port] 0 [Flags] 2 [Guid] 3946834822 [EditorId] 3946834822 [Version] 1048832 [Id] WindowsEditor(7,DESKTOP-6OO76J4) [Debug] 1 [PackageName] WindowsEditor [ProjectName] Editor" joined alternative multi-casting on [225.0.0.222:34997]...

Refreshing native plugins compatible for Editor in 285.72 ms, found 4 plugins.
Preloading 0 native plugins for Editor in 0.00 ms.
Initialize engine version: 2021.3.27f1 (ca3ffb99bcc6)
[Subsystems] Discovering subsystems at path C:/Program Files/Unity/2021.3.27f1/Editor/Data/Resources/UnitySubsystems
[Subsystems] Discovering subsystems at path C:/Users/Alexander/Documents/AzurGames/AzurGamesTest/Assets
GfxDevice: creating device client; threaded=0; jobified=0
Direct3D:
    Version:  Direct3D 11.0 [level 11.1]
    Renderer: NVIDIA GeForce RTX 2060 (ID=0x1f08)
    Vendor:   NVIDIA
    VRAM:     5955 MB
    Driver:   32.0.15.6636
Initialize mono
Mono path[0] = 'C:/Program Files/Unity/2021.3.27f1/Editor/Data/Managed'
Mono path[1] = 'C:/Program Files/Unity/2021.3.27f1/Editor/Data/MonoBleedingEdge/lib/mono/unityjit-win32'
Mono config path = 'C:/Program Files/Unity/2021.3.27f1/Editor/Data/MonoBleedingEdge/etc'
Using monoOptions --debugger-agent=transport=dt_socket,embedding=1,server=y,suspend=n,address=127.0.0.1:56196
Begin MonoManager ReloadAssembly
Registering precompiled unity dll's ...
Register platform support module: C:/Program Files/Unity/2021.3.27f1/Editor/Data/PlaybackEngines/AndroidPlayer/UnityEditor.Android.Extensions.dll
Register platform support module: C:/Program Files/Unity/2021.3.27f1/Editor/Data/PlaybackEngines/iOSSupport/UnityEditor.iOS.Extensions.dll
Register platform support module: C:/Program Files/Unity/2021.3.27f1/Editor/Data/PlaybackEngines/WindowsStandaloneSupport/UnityEditor.WindowsStandalone.Extensions.dll
Registered in 0.011537 seconds.
Native extension for WindowsStandalone target not found
[usbmuxd] Start listen thread
[usbmuxd] Listen thread started
Native extension for iOS target not found
Native extension for Android target not found
Android Extension - Scanning For ADB Devices 254 ms
Refreshing native plugins compatible for Editor in 86.24 ms, found 4 plugins.
Preloading 0 native plugins for Editor in 0.00 ms.
Mono: successfully reloaded assembly
- Completed reload, in  1.258 seconds
Domain Reload Profiling:
	ReloadAssembly (1258ms)
		BeginReloadAssembly (143ms)
			ExecutionOrderSort (0ms)
			DisableScriptedObjects (0ms)
			BackupInstance (0ms)
			ReleaseScriptingObjects (0ms)
			CreateAndSetChildDomain (2ms)
		EndReloadAssembly (994ms)
			LoadAssemblies (141ms)
			RebuildTransferFunctionScriptingTraits (1ms)
			SetupTypeCache (375ms)
			ReleaseScriptCaches (0ms)
			RebuildScriptCaches (24ms)
			SetupLoadedEditorAssemblies (546ms)
				LogAssemblyErrors (0ms)
				InitializePlatformSupportModulesInManaged (347ms)
				SetLoadedEditorAssemblies (0ms)
				RefreshPlugins (86ms)
				BeforeProcessingInitializeOnLoad (1ms)
				ProcessInitializeOnLoadAttributes (73ms)
				ProcessInitializeOnLoadMethodAttributes (39ms)
				AfterProcessingInitializeOnLoad (0ms)
				EditorAssembliesLoaded (0ms)
			ExecutionOrderSort2 (0ms)
			AwakeInstancesAfterBackupRestoration (0ms)
Platform modules already initialized, skipping
Registering precompiled user dll's ...
Registered in 0.006302 seconds.
Begin MonoManager ReloadAssembly
Symbol file LoadedFromMemory doesn't match image C:\Users\Alexander\Documents\AzurGames\AzurGamesTest\Library\PackageCache\com.unity.visualscripting@1.8.0\Editor\VisualScripting.Core\Dependencies\YamlDotNet\Unity.VisualScripting.YamlDotNet.dll
Symbol file LoadedFromMemory doesn't match image C:\Users\Alexander\Documents\AzurGames\AzurGamesTest\Library\PackageCache\com.unity.visualscripting@1.8.0\Editor\VisualScripting.Core\Dependencies\DotNetZip\Unity.VisualScripting.IonicZip.dll
Native extension for WindowsStandalone target not found
Native extension for iOS target not found
Native extension for Android target not found
Refreshing native plugins compatible for Editor in 83.34 ms, found 4 plugins.
Preloading 0 native plugins for Editor in 0.00 ms.
Mono: successfully reloaded assembly
Package Manager log level set to [2]
- Completed reload, in  1.171 seconds
Domain Reload Profiling:
	ReloadAssembly (1172ms)
		BeginReloadAssembly (136ms)
			ExecutionOrderSort (0ms)
			DisableScriptedObjects (5ms)
			BackupInstance (0ms)
			ReleaseScriptingObjects (0ms)
			CreateAndSetChildDomain (18ms)
		EndReloadAssembly (936ms)
			LoadAssemblies (171ms)
			RebuildTransferFunctionScriptingTraits (0ms)
			SetupTypeCache (242ms)
			ReleaseScriptCaches (1ms)
			RebuildScriptCaches (55ms)
			SetupLoadedEditorAssemblies (445ms)
				LogAssemblyErrors (0ms)
				InitializePlatformSupportModulesInManaged (31ms)
				SetLoadedEditorAssemblies (0ms)
				RefreshPlugins (83ms)
				BeforeProcessingInitializeOnLoad (91ms)
				ProcessInitializeOnLoadAttributes (197ms)
				ProcessInitializeOnLoadMethodAttributes (35ms)
				AfterProcessingInitializeOnLoad (7ms)
				EditorAssembliesLoaded (0ms)
			ExecutionOrderSort2 (0ms)
			AwakeInstancesAfterBackupRestoration (5ms)
Platform modules already initialized, skipping
========================================================================
Worker process is ready to serve import requests
Launched and connected shader compiler UnityShaderCompiler.exe after 0.05 seconds
Refreshing native plugins compatible for Editor in 1.02 ms, found 4 plugins.
Preloading 0 native plugins for Editor in 0.00 ms.
Unloading 3993 Unused Serialized files (Serialized files now loaded: 0)
Unloading 50 unused Assets / (46.8 KB). Loaded Objects now: 4444.
Memory consumption went from 157.1 MB to 157.1 MB.
Total: 3.517600 ms (FindLiveObjects: 0.255500 ms CreateObjectMapping: 0.228100 ms MarkObjects: 2.828100 ms  DeleteObjects: 0.205100 ms)

AssetImportParameters requested are different than current active one (requested -> active):
  custom:video-decoder-ogg-theora: a1e56fd34408186e4bbccfd4996cb3dc -> 
  custom:container-muxer-webm: aa71ff27fc2769a1b78a27578f13a17b -> 
  custom:container-demuxer-webm: 4f35f7cbe854078d1ac9338744f61a02 -> 
  custom:video-encoder-webm-vp8: eb34c28f22e8b96e1ab97ce403110664 -> 
  custom:audio-encoder-webm-vorbis: bf7c407c2cedff20999df2af8eb42d56 -> 
  custom:framework-win-MediaFoundation: 216162199b28c13a410421893ffa2e32 -> 
  custom:container-demuxer-ogg: 62fdf1f143b41e24485cea50d1cbac27 -> 
  custom:video-decoder-webm-vp8: 9c59270c3fd7afecdb556c50c9e8de78 -> 
  custom:audio-decoder-ogg-vorbis: bf7c407c2cedff20999df2af8eb42d56 -> 
========================================================================
Received Import Request.
  Time since last request: 33432.539595 seconds.
  path: Assets/Content/Art/Level/bird_2.png
  artifactKey: Guid(41311d4c447ee32418b35a858d6f4aca) Importer(815301076,1909f56bfc062723c751e8b465ee728b)
Start importing Assets/Content/Art/Level/bird_2.png using Guid(41311d4c447ee32418b35a858d6f4aca) Importer(815301076,1909f56bfc062723c751e8b465ee728b)  -> (artifact id: '7473dfb54f774131e0e3d68dcb7ff6e2') in 0.102971 seconds 
========================================================================
Received Import Request.
  Time since last request: 0.000029 seconds.
  path: Assets/Content/Art/Level/poison.png
  artifactKey: Guid(50f5d67fcc0017c4dbf92cb62152c9b1) Importer(815301076,1909f56bfc062723c751e8b465ee728b)
Start importing Assets/Content/Art/Level/poison.png using Guid(50f5d67fcc0017c4dbf92cb62152c9b1) Importer(815301076,1909f56bfc062723c751e8b465ee728b)  -> (artifact id: '2cb14117ee843af26587ed6d1ba9f097') in 0.015486 seconds 
========================================================================
Received Import Request.
  Time since last request: 0.000030 seconds.
  path: Assets/Content/Art/Level/pot_big_back.png
  artifactKey: Guid(8f21c1c8eaf231e4eb82a816c10b514c) Importer(815301076,1909f56bfc062723c751e8b465ee728b)
Start importing Assets/Content/Art/Level/pot_big_back.png using Guid(8f21c1c8eaf231e4eb82a816c10b514c) Importer(815301076,1909f56bfc062723c751e8b465ee728b)  -> (artifact id: 'aadce14939f092d6c60b95dba98f9421') in 0.019858 seconds 
========================================================================
Received Import Request.
  Time since last request: 0.000029 seconds.
  path: Assets/Content/Art/Level/frame_2.png
  artifactKey: Guid(eae6f18f6226c2e48b7705e5dd660657) Importer(815301076,1909f56bfc062723c751e8b465ee728b)
Start importing Assets/Content/Art/Level/frame_2.png using Guid(eae6f18f6226c2e48b7705e5dd660657) Importer(815301076,1909f56bfc062723c751e8b465ee728b)  -> (artifact id: '16fa4e577915f268aa6b6a49357dea01') in 0.017218 seconds 
========================================================================
Received Import Request.
  Time since last request: 0.000020 seconds.
  path: Assets/Content/Art/Level/skull.png
  artifactKey: Guid(d7b335e38df549342af22a282cd7c78c) Importer(815301076,1909f56bfc062723c751e8b465ee728b)
Start importing Assets/Content/Art/Level/skull.png using Guid(d7b335e38df549342af22a282cd7c78c) Importer(815301076,1909f56bfc062723c751e8b465ee728b)  -> (artifact id: '0378968107d14dab70e69f98f9da26df') in 0.019347 seconds 
========================================================================
Received Import Request.
  Time since last request: 0.000022 seconds.
  path: Assets/Content/Art/Level/window_frame_back.png
  artifactKey: Guid(cf2a168ee66014c458b4d72ad31d462f) Importer(815301076,1909f56bfc062723c751e8b465ee728b)
Start importing Assets/Content/Art/Level/window_frame_back.png using Guid(cf2a168ee66014c458b4d72ad31d462f) Importer(815301076,1909f56bfc062723c751e8b465ee728b)  -> (artifact id: 'c532facd0d56d11083b1a28cc6789f90') in 0.027724 seconds 
========================================================================
Received Import Request.
  Time since last request: 0.000017 seconds.
  path: Assets/Content/Art/Level/window_frame_front.png
  artifactKey: Guid(dfb29490216eedf478b4b06480e9e16c) Importer(815301076,1909f56bfc062723c751e8b465ee728b)
Start importing Assets/Content/Art/Level/window_frame_front.png using Guid(dfb29490216eedf478b4b06480e9e16c) Importer(815301076,1909f56bfc062723c751e8b465ee728b)  -> (artifact id: '83d53248ff51d1295f3a3e315fbe9932') in 0.023707 seconds 
========================================================================
Received Import Request.
  Time since last request: 0.000016 seconds.
  path: Assets/Content/Art/Level/frame_1.png
  artifactKey: Guid(7a3ca0440d3e7f249a4009fb80bbec42) Importer(815301076,1909f56bfc062723c751e8b465ee728b)
Start importing Assets/Content/Art/Level/frame_1.png using Guid(7a3ca0440d3e7f249a4009fb80bbec42) Importer(815301076,1909f56bfc062723c751e8b465ee728b)  -> (artifact id: '15c969d52890d0ed037c365a7175c5bf') in 0.019146 seconds 
========================================================================
Received Import Request.
  Time since last request: 0.000017 seconds.
  path: Assets/Content/Art/Level/juice_pineapple.png
  artifactKey: Guid(34ec939b6b3052d4bb10ef62eb918d78) Importer(815301076,1909f56bfc062723c751e8b465ee728b)
Start importing Assets/Content/Art/Level/juice_pineapple.png using Guid(34ec939b6b3052d4bb10ef62eb918d78) Importer(815301076,1909f56bfc062723c751e8b465ee728b)  -> (artifact id: '9cccd09242a0ff4e3d346bac7f838da6') in 0.027397 seconds 
========================================================================
Received Import Request.
  Time since last request: 0.000017 seconds.
  path: Assets/Content/Art/Level/branch_2.png
  artifactKey: Guid(158f1cf3e093b404bb6180caea2f6cdd) Importer(815301076,1909f56bfc062723c751e8b465ee728b)
Start importing Assets/Content/Art/Level/branch_2.png using Guid(158f1cf3e093b404bb6180caea2f6cdd) Importer(815301076,1909f56bfc062723c751e8b465ee728b)  -> (artifact id: 'd36a49b0e136dc49e9bad46eef73f5fe') in 0.020992 seconds 
========================================================================
Received Import Request.
  Time since last request: 0.000020 seconds.
  path: Assets/Content/Art/Level/pot_cover_1.png
  artifactKey: Guid(8b65f189d9801b745a28676c9ba918ed) Importer(815301076,1909f56bfc062723c751e8b465ee728b)
Start importing Assets/Content/Art/Level/pot_cover_1.png using Guid(8b65f189d9801b745a28676c9ba918ed) Importer(815301076,1909f56bfc062723c751e8b465ee728b)  -> (artifact id: 'aed120f78b1b1c97eb96f20b8e5d76c6') in 0.015618 seconds 
========================================================================
Received Import Request.
  Time since last request: 0.000020 seconds.
  path: Assets/Content/Art/Level/branch_3.png
  artifactKey: Guid(d7ce93e21045ba340984870044fb20b8) Importer(815301076,1909f56bfc062723c751e8b465ee728b)
Start importing Assets/Content/Art/Level/branch_3.png using Guid(d7ce93e21045ba340984870044fb20b8) Importer(815301076,1909f56bfc062723c751e8b465ee728b)  -> (artifact id: '6b3d7f7452ba3b39a01de4cc2cfe1696') in 0.018417 seconds 
========================================================================
Received Import Request.
  Time since last request: 0.000014 seconds.
  path: Assets/Content/Art/Level/bush_2.png
  artifactKey: Guid(e7f5bcebede1cd548bf41a96187fc7a9) Importer(815301076,1909f56bfc062723c751e8b465ee728b)
Start importing Assets/Content/Art/Level/bush_2.png using Guid(e7f5bcebede1cd548bf41a96187fc7a9) Importer(815301076,1909f56bfc062723c751e8b465ee728b)  -> (artifact id: '37dac586d111ef8487b02c8ee2e34972') in 0.015174 seconds 
========================================================================
Received Import Request.
  Time since last request: 0.000028 seconds.
  path: Assets/Content/Art/Level/steam_green.png
  artifactKey: Guid(c2a0f7b5e325bf14aacf9e6d1218cead) Importer(815301076,1909f56bfc062723c751e8b465ee728b)
Start importing Assets/Content/Art/Level/steam_green.png using Guid(c2a0f7b5e325bf14aacf9e6d1218cead) Importer(815301076,1909f56bfc062723c751e8b465ee728b)  -> (artifact id: '3a1ffd63351ec4caf496a8be4d159d19') in 0.016837 seconds 
========================================================================
Received Import Request.
  Time since last request: 0.000016 seconds.
  path: Assets/Content/Art/Level/bush_1.png
  artifactKey: Guid(83951f3023e79e940aba7c352e9fa34e) Importer(815301076,1909f56bfc062723c751e8b465ee728b)
Start importing Assets/Content/Art/Level/bush_1.png using Guid(83951f3023e79e940aba7c352e9fa34e) Importer(815301076,1909f56bfc062723c751e8b465ee728b)  -> (artifact id: '565480e2027f8a6f53a582537172bdf1') in 0.021906 seconds 
========================================================================
Received Import Request.
  Time since last request: 0.000018 seconds.
  path: Assets/Content/Art/Level/green_bottle.png
  artifactKey: Guid(460df3ef8993d9f43935fcca7c456173) Importer(815301076,1909f56bfc062723c751e8b465ee728b)
Start importing Assets/Content/Art/Level/green_bottle.png using Guid(460df3ef8993d9f43935fcca7c456173) Importer(815301076,1909f56bfc062723c751e8b465ee728b)  -> (artifact id: '816f32aa9e6cc74e68a40faa9c7d238f') in 0.019350 seconds 
Editor requested this worker to shutdown with reason: Scaling down because of idle timeout
AssetImportWorker is now disconnected from the server
Process exiting
Exiting without the bug reporter. Application will terminate with return code 0