Using pre-set license
Built from '2021.3/release' branch; Version is '2021.3.27f1 (ca3ffb99bcc6) revision 13254651'; Using compiler version '192829333'; Build Type 'Release'
OS: 'Windows 10  (10.0.19045) 64bit Professional' Language: 'ru' Physical Memory: 16306 MB
BatchMode: 1, IsHumanControllingUs: 0, StartBugReporterOnCrash: 0, Is64bit: 1, IsPro: 1

COMMAND LINE ARGUMENTS:
C:\Program Files\Unity\2021.3.27f1\Editor\Unity.exe
-adb2
-batchMode
-noUpm
-name
AssetImportWorker0
-projectPath
C:/Users/Alexander/Documents/AzurGames/AzurGamesTest
-logFile
Logs/AssetImportWorker0.log
-srvPort
53907
Successfully changed project path to: C:/Users/Alexander/Documents/AzurGames/AzurGamesTest
C:/Users/Alexander/Documents/AzurGames/AzurGamesTest
[UnityMemory] Configuration Parameters - Can be set up in boot.config
    "memorysetup-bucket-allocator-granularity=16"
    "memorysetup-bucket-allocator-bucket-count=8"
    "memorysetup-bucket-allocator-block-size=33554432"
    "memorysetup-bucket-allocator-block-count=8"
    "memorysetup-main-allocator-block-size=16777216"
    "memorysetup-thread-allocator-block-size=16777216"
    "memorysetup-gfx-main-allocator-block-size=16777216"
    "memorysetup-gfx-thread-allocator-block-size=16777216"
    "memorysetup-cache-allocator-block-size=4194304"
    "memorysetup-typetree-allocator-block-size=2097152"
    "memorysetup-profiler-bucket-allocator-granularity=16"
    "memorysetup-profiler-bucket-allocator-bucket-count=8"
    "memorysetup-profiler-bucket-allocator-block-size=33554432"
    "memorysetup-profiler-bucket-allocator-block-count=8"
    "memorysetup-profiler-allocator-block-size=16777216"
    "memorysetup-profiler-editor-allocator-block-size=1048576"
    "memorysetup-temp-allocator-size-main=16777216"
    "memorysetup-job-temp-allocator-block-size=2097152"
    "memorysetup-job-temp-allocator-block-size-background=1048576"
    "memorysetup-job-temp-allocator-reduction-small-platforms=262144"
    "memorysetup-temp-allocator-size-background-worker=32768"
    "memorysetup-temp-allocator-size-job-worker=262144"
    "memorysetup-temp-allocator-size-preload-manager=33554432"
    "memorysetup-temp-allocator-size-nav-mesh-worker=65536"
    "memorysetup-temp-allocator-size-audio-worker=65536"
    "memorysetup-temp-allocator-size-cloud-worker=32768"
    "memorysetup-temp-allocator-size-gi-baking-worker=262144"
    "memorysetup-temp-allocator-size-gfx=262144"
Player connection [23460] Host "[IP] 192.168.1.107 [Port] 0 [Flags] 2 [Guid] 2021394601 [EditorId] 2021394601 [Version] 1048832 [Id] WindowsEditor(7,DESKTOP-6OO76J4) [Debug] 1 [PackageName] WindowsEditor [ProjectName] Editor" joined multi-casting on [225.0.0.222:54997]...

Player connection [23460] Host "[IP] 192.168.1.107 [Port] 0 [Flags] 2 [Guid] 2021394601 [EditorId] 2021394601 [Version] 1048832 [Id] WindowsEditor(7,DESKTOP-6OO76J4) [Debug] 1 [PackageName] WindowsEditor [ProjectName] Editor" joined alternative multi-casting on [225.0.0.222:34997]...

Refreshing native plugins compatible for Editor in 99.43 ms, found 4 plugins.
Preloading 0 native plugins for Editor in 0.00 ms.
Initialize engine version: 2021.3.27f1 (ca3ffb99bcc6)
[Subsystems] Discovering subsystems at path C:/Program Files/Unity/2021.3.27f1/Editor/Data/Resources/UnitySubsystems
[Subsystems] Discovering subsystems at path C:/Users/Alexander/Documents/AzurGames/AzurGamesTest/Assets
GfxDevice: creating device client; threaded=0; jobified=0
Direct3D:
    Version:  Direct3D 11.0 [level 11.1]
    Renderer: NVIDIA GeForce RTX 2060 (ID=0x1f08)
    Vendor:   NVIDIA
    VRAM:     5955 MB
    Driver:   32.0.15.6636
Initialize mono
Mono path[0] = 'C:/Program Files/Unity/2021.3.27f1/Editor/Data/Managed'
Mono path[1] = 'C:/Program Files/Unity/2021.3.27f1/Editor/Data/MonoBleedingEdge/lib/mono/unityjit-win32'
Mono config path = 'C:/Program Files/Unity/2021.3.27f1/Editor/Data/MonoBleedingEdge/etc'
Using monoOptions --debugger-agent=transport=dt_socket,embedding=1,server=y,suspend=n,address=127.0.0.1:56364
Begin MonoManager ReloadAssembly
Registering precompiled unity dll's ...
Register platform support module: C:/Program Files/Unity/2021.3.27f1/Editor/Data/PlaybackEngines/AndroidPlayer/UnityEditor.Android.Extensions.dll
Register platform support module: C:/Program Files/Unity/2021.3.27f1/Editor/Data/PlaybackEngines/iOSSupport/UnityEditor.iOS.Extensions.dll
Register platform support module: C:/Program Files/Unity/2021.3.27f1/Editor/Data/PlaybackEngines/WindowsStandaloneSupport/UnityEditor.WindowsStandalone.Extensions.dll
Registered in 0.006731 seconds.
Native extension for WindowsStandalone target not found
[usbmuxd] Start listen thread
[usbmuxd] Listen thread started
Native extension for iOS target not found
Native extension for Android target not found
Android Extension - Scanning For ADB Devices 1785 ms
Refreshing native plugins compatible for Editor in 91.98 ms, found 4 plugins.
Preloading 0 native plugins for Editor in 0.00 ms.
Mono: successfully reloaded assembly
- Completed reload, in  2.540 seconds
Domain Reload Profiling:
	ReloadAssembly (2540ms)
		BeginReloadAssembly (104ms)
			ExecutionOrderSort (0ms)
			DisableScriptedObjects (0ms)
			BackupInstance (0ms)
			ReleaseScriptingObjects (0ms)
			CreateAndSetChildDomain (1ms)
		EndReloadAssembly (2330ms)
			LoadAssemblies (103ms)
			RebuildTransferFunctionScriptingTraits (0ms)
			SetupTypeCache (114ms)
			ReleaseScriptCaches (0ms)
			RebuildScriptCaches (31ms)
			SetupLoadedEditorAssemblies (2127ms)
				LogAssemblyErrors (0ms)
				InitializePlatformSupportModulesInManaged (1895ms)
				SetLoadedEditorAssemblies (0ms)
				RefreshPlugins (92ms)
				BeforeProcessingInitializeOnLoad (1ms)
				ProcessInitializeOnLoadAttributes (84ms)
				ProcessInitializeOnLoadMethodAttributes (54ms)
				AfterProcessingInitializeOnLoad (0ms)
				EditorAssembliesLoaded (0ms)
			ExecutionOrderSort2 (0ms)
			AwakeInstancesAfterBackupRestoration (0ms)
Platform modules already initialized, skipping
Registering precompiled user dll's ...
Registered in 0.006782 seconds.
Begin MonoManager ReloadAssembly
Symbol file LoadedFromMemory doesn't match image C:\Users\Alexander\Documents\AzurGames\AzurGamesTest\Library\PackageCache\com.unity.visualscripting@1.8.0\Editor\VisualScripting.Core\Dependencies\YamlDotNet\Unity.VisualScripting.YamlDotNet.dll
Symbol file LoadedFromMemory doesn't match image C:\Users\Alexander\Documents\AzurGames\AzurGamesTest\Library\PackageCache\com.unity.visualscripting@1.8.0\Editor\VisualScripting.Core\Dependencies\DotNetZip\Unity.VisualScripting.IonicZip.dll
Native extension for WindowsStandalone target not found
Native extension for iOS target not found
Native extension for Android target not found
Refreshing native plugins compatible for Editor in 80.29 ms, found 4 plugins.
Preloading 0 native plugins for Editor in 0.00 ms.
Mono: successfully reloaded assembly
Package Manager log level set to [2]
- Completed reload, in  1.027 seconds
Domain Reload Profiling:
	ReloadAssembly (1028ms)
		BeginReloadAssembly (109ms)
			ExecutionOrderSort (0ms)
			DisableScriptedObjects (7ms)
			BackupInstance (0ms)
			ReleaseScriptingObjects (0ms)
			CreateAndSetChildDomain (16ms)
		EndReloadAssembly (825ms)
			LoadAssemblies (89ms)
			RebuildTransferFunctionScriptingTraits (0ms)
			SetupTypeCache (239ms)
			ReleaseScriptCaches (1ms)
			RebuildScriptCaches (49ms)
			SetupLoadedEditorAssemblies (415ms)
				LogAssemblyErrors (0ms)
				InitializePlatformSupportModulesInManaged (25ms)
				SetLoadedEditorAssemblies (0ms)
				RefreshPlugins (80ms)
				BeforeProcessingInitializeOnLoad (90ms)
				ProcessInitializeOnLoadAttributes (180ms)
				ProcessInitializeOnLoadMethodAttributes (32ms)
				AfterProcessingInitializeOnLoad (6ms)
				EditorAssembliesLoaded (0ms)
			ExecutionOrderSort2 (0ms)
			AwakeInstancesAfterBackupRestoration (5ms)
Platform modules already initialized, skipping
========================================================================
Worker process is ready to serve import requests
Launched and connected shader compiler UnityShaderCompiler.exe after 0.03 seconds
Refreshing native plugins compatible for Editor in 0.93 ms, found 4 plugins.
Preloading 0 native plugins for Editor in 0.00 ms.
Unloading 3980 Unused Serialized files (Serialized files now loaded: 0)
Unloading 50 unused Assets / (46.3 KB). Loaded Objects now: 4430.
Memory consumption went from 154.7 MB to 154.7 MB.
Total: 2.668000 ms (FindLiveObjects: 0.257300 ms CreateObjectMapping: 0.262400 ms MarkObjects: 2.089600 ms  DeleteObjects: 0.058100 ms)

AssetImportParameters requested are different than current active one (requested -> active):
  custom:video-decoder-ogg-theora: a1e56fd34408186e4bbccfd4996cb3dc -> 
  custom:container-muxer-webm: aa71ff27fc2769a1b78a27578f13a17b -> 
  custom:container-demuxer-webm: 4f35f7cbe854078d1ac9338744f61a02 -> 
  custom:video-encoder-webm-vp8: eb34c28f22e8b96e1ab97ce403110664 -> 
  custom:audio-encoder-webm-vorbis: bf7c407c2cedff20999df2af8eb42d56 -> 
  custom:framework-win-MediaFoundation: 216162199b28c13a410421893ffa2e32 -> 
  custom:container-demuxer-ogg: 62fdf1f143b41e24485cea50d1cbac27 -> 
  custom:video-decoder-webm-vp8: 9c59270c3fd7afecdb556c50c9e8de78 -> 
  custom:audio-decoder-ogg-vorbis: bf7c407c2cedff20999df2af8eb42d56 -> 
========================================================================
Received Import Request.
  Time since last request: 30109.704629 seconds.
  path: Assets/Content/Prefabs/Canvas.prefab
  artifactKey: Guid(6d9a9050be5928e4d875895915b5ffb9) Importer(815301076,1909f56bfc062723c751e8b465ee728b)
Start importing Assets/Content/Prefabs/Canvas.prefab using Guid(6d9a9050be5928e4d875895915b5ffb9) Importer(815301076,1909f56bfc062723c751e8b465ee728b)  -> (artifact id: '14c7f3a09c7055ccf536d6f70f421a4c') in 0.053658 seconds 
========================================================================
Received Import Request.
  Time since last request: 4.881029 seconds.
  path: Assets/Content/Prefabs/UI.prefab
  artifactKey: Guid(6d9a9050be5928e4d875895915b5ffb9) Importer(815301076,1909f56bfc062723c751e8b465ee728b)
Start importing Assets/Content/Prefabs/UI.prefab using Guid(6d9a9050be5928e4d875895915b5ffb9) Importer(815301076,1909f56bfc062723c751e8b465ee728b)  -> (artifact id: 'e7184e6ddca0e28fd71ceea9b91cfdcc') in 0.009077 seconds 
========================================================================
Received Import Request.
  Time since last request: 160.091515 seconds.
  path: Assets/Content/Prefabs/UI.prefab
  artifactKey: Guid(6d9a9050be5928e4d875895915b5ffb9) Importer(815301076,1909f56bfc062723c751e8b465ee728b)
Start importing Assets/Content/Prefabs/UI.prefab using Guid(6d9a9050be5928e4d875895915b5ffb9) Importer(815301076,1909f56bfc062723c751e8b465ee728b)  -> (artifact id: 'a0b4b6d3a64a75d7792207bf3ed5732c') in 0.007698 seconds 
========================================================================
Received Import Request.
  Time since last request: 65.852470 seconds.
  path: Assets/Content/Font
  artifactKey: Guid(39a6aa4819ac2ab499fce0278d31bb5a) Importer(815301076,1909f56bfc062723c751e8b465ee728b)
Start importing Assets/Content/Font using Guid(39a6aa4819ac2ab499fce0278d31bb5a) Importer(815301076,1909f56bfc062723c751e8b465ee728b)  -> (artifact id: 'd6065c20fb6113812db971cc7c5ecb88') in 0.008055 seconds 
========================================================================
Received Import Request.
  Time since last request: 30.896127 seconds.
  path: Assets/TextMesh Pro/Resources/Fonts & Materials/LiberationSans SDF - Drop Shadow.mat
  artifactKey: Guid(e73a58f6e2794ae7b1b7e50b7fb811b0) Importer(815301076,1909f56bfc062723c751e8b465ee728b)
Start importing Assets/TextMesh Pro/Resources/Fonts & Materials/LiberationSans SDF - Drop Shadow.mat using Guid(e73a58f6e2794ae7b1b7e50b7fb811b0) Importer(815301076,1909f56bfc062723c751e8b465ee728b)  -> (artifact id: 'fb8c7243c20c11bc8faaa06693ce2c44') in 0.122524 seconds 
========================================================================
Received Import Request.
  Time since last request: 0.000014 seconds.
  path: Assets/TextMesh Pro/Resources/Fonts & Materials/LiberationSans SDF.asset
  artifactKey: Guid(8f586378b4e144a9851e7b34d9b748ee) Importer(815301076,1909f56bfc062723c751e8b465ee728b)
Start importing Assets/TextMesh Pro/Resources/Fonts & Materials/LiberationSans SDF.asset using Guid(8f586378b4e144a9851e7b34d9b748ee) Importer(815301076,1909f56bfc062723c751e8b465ee728b)  -> (artifact id: 'a4b99b01e9276c3ac613405cdb6a1a16') in 0.084568 seconds 
========================================================================
Received Import Request.
  Time since last request: 18.145193 seconds.
  path: Assets/TextMesh Pro/Fonts/LiberationSans.ttf
  artifactKey: Guid(e3265ab4bf004d28a9537516768c1c75) Importer(815301076,1909f56bfc062723c751e8b465ee728b)
Start importing Assets/TextMesh Pro/Fonts/LiberationSans.ttf using Guid(e3265ab4bf004d28a9537516768c1c75) Importer(815301076,1909f56bfc062723c751e8b465ee728b)  -> (artifact id: '5f3113df9c64817575ac1b2596df0c09') in 0.023130 seconds 
========================================================================
Received Import Request.
  Time since last request: 109.976105 seconds.
  path: Assets/TextMesh Pro/Fonts/LiberationSans - OFL.txt
  artifactKey: Guid(6e59c59b81ab47f9b6ec5781fa725d2c) Importer(815301076,1909f56bfc062723c751e8b465ee728b)
Start importing Assets/TextMesh Pro/Fonts/LiberationSans - OFL.txt using Guid(6e59c59b81ab47f9b6ec5781fa725d2c) Importer(815301076,1909f56bfc062723c751e8b465ee728b)  -> (artifact id: '35ecb2fa8dd83b4749a13d0b14c984c2') in 0.010660 seconds 
========================================================================
Received Import Request.
  Time since last request: 79.313175 seconds.
  path: Assets/TextMesh Pro/Fonts/LoveDays.ttf
  artifactKey: Guid(bb8d993b1c8dae0488b95d56bccf5770) Importer(815301076,1909f56bfc062723c751e8b465ee728b)
Start importing Assets/TextMesh Pro/Fonts/LoveDays.ttf using Guid(bb8d993b1c8dae0488b95d56bccf5770) Importer(815301076,1909f56bfc062723c751e8b465ee728b)  -> (artifact id: '36e77cc0a59d15bf40c77e53f25973d9') in 0.016097 seconds 
========================================================================
Received Import Request.
  Time since last request: 7.970601 seconds.
  path: Assets/TextMesh Pro/Resources/Fonts & Materials
  artifactKey: Guid(731f1baa9d144a9897cb1d341c2092b8) Importer(815301076,1909f56bfc062723c751e8b465ee728b)
Start importing Assets/TextMesh Pro/Resources/Fonts & Materials using Guid(731f1baa9d144a9897cb1d341c2092b8) Importer(815301076,1909f56bfc062723c751e8b465ee728b)  -> (artifact id: 'a8a5343dd66316b9eb35bafbffda078a') in 0.008594 seconds 
========================================================================
Received Import Request.
  Time since last request: 9.258451 seconds.
  path: Assets/TextMesh Pro/Resources/Fonts & Materials/LiberationSans SDF 1.asset
  artifactKey: Guid(b75cbc9e51ddc73488eea5740bb18385) Importer(815301076,1909f56bfc062723c751e8b465ee728b)
Start importing Assets/TextMesh Pro/Resources/Fonts & Materials/LiberationSans SDF 1.asset using Guid(b75cbc9e51ddc73488eea5740bb18385) Importer(815301076,1909f56bfc062723c751e8b465ee728b)  -> (artifact id: '70bd201fed6cc807597bfe1a1be4617b') in 0.030733 seconds 
========================================================================
Received Import Request.
  Time since last request: 9.913416 seconds.
  path: Assets/TextMesh Pro/Resources/Fonts & Materials/LiberationSans SDF - Drop Shadow.mat
  artifactKey: Guid(e73a58f6e2794ae7b1b7e50b7fb811b0) Importer(815301076,1909f56bfc062723c751e8b465ee728b)
Start importing Assets/TextMesh Pro/Resources/Fonts & Materials/LiberationSans SDF - Drop Shadow.mat using Guid(e73a58f6e2794ae7b1b7e50b7fb811b0) Importer(815301076,1909f56bfc062723c751e8b465ee728b)  -> (artifact id: '62007deae260969bfb206bbe946040af') in 0.026102 seconds 
========================================================================
Received Import Request.
  Time since last request: 0.000013 seconds.
  path: Assets/TextMesh Pro/Resources/Fonts & Materials/LoveDays.asset
  artifactKey: Guid(8f586378b4e144a9851e7b34d9b748ee) Importer(815301076,1909f56bfc062723c751e8b465ee728b)
Start importing Assets/TextMesh Pro/Resources/Fonts & Materials/LoveDays.asset using Guid(8f586378b4e144a9851e7b34d9b748ee) Importer(815301076,1909f56bfc062723c751e8b465ee728b)  -> (artifact id: 'f0adbe0b08d979ecdac490bc56952662') in 0.031411 seconds 
========================================================================
Received Import Request.
  Time since last request: 24.988582 seconds.
  path: Assets/TextMesh Pro/Resources/Sprite Assets/EmojiOne.asset
  artifactKey: Guid(c41005c129ba4d66911b75229fd70b45) Importer(815301076,1909f56bfc062723c751e8b465ee728b)
Start importing Assets/TextMesh Pro/Resources/Sprite Assets/EmojiOne.asset using Guid(c41005c129ba4d66911b75229fd70b45) Importer(815301076,1909f56bfc062723c751e8b465ee728b)  -> (artifact id: '3950451084668360d05945240589cf11') in 0.020492 seconds 
========================================================================
Received Import Request.
  Time since last request: 0.463537 seconds.
  path: Assets/TextMesh Pro/Resources/Style Sheets/Default Style Sheet.asset
  artifactKey: Guid(f952c082cb03451daed3ee968ac6c63e) Importer(815301076,1909f56bfc062723c751e8b465ee728b)
Start importing Assets/TextMesh Pro/Resources/Style Sheets/Default Style Sheet.asset using Guid(f952c082cb03451daed3ee968ac6c63e) Importer(815301076,1909f56bfc062723c751e8b465ee728b)  -> (artifact id: 'c72200549b97ff12ff44a36c3fabf96c') in 0.008416 seconds 
========================================================================
Received Import Request.
  Time since last request: 1.860289 seconds.
  path: Assets/TextMesh Pro/Shaders/TMPro.cginc
  artifactKey: Guid(407bc68d299748449bbf7f48ee690f8d) Importer(815301076,1909f56bfc062723c751e8b465ee728b)
Start importing Assets/TextMesh Pro/Shaders/TMPro.cginc using Guid(407bc68d299748449bbf7f48ee690f8d) Importer(815301076,1909f56bfc062723c751e8b465ee728b)  -> (artifact id: '9166bc1abaeb281fc6783cc3fe76c458') in 0.009397 seconds 
========================================================================
Received Import Request.
  Time since last request: 0.000012 seconds.
  path: Assets/TextMesh Pro/Shaders/TMPro_Properties.cginc
  artifactKey: Guid(3997e2241185407d80309a82f9148466) Importer(815301076,1909f56bfc062723c751e8b465ee728b)
Start importing Assets/TextMesh Pro/Shaders/TMPro_Properties.cginc using Guid(3997e2241185407d80309a82f9148466) Importer(815301076,1909f56bfc062723c751e8b465ee728b)  -> (artifact id: '7506c69260bf7c1cdf33a8f62db534a1') in 0.007845 seconds 
========================================================================
Received Import Request.
  Time since last request: 0.434277 seconds.
  path: Assets/TextMesh Pro/Sprites/EmojiOne.png
  artifactKey: Guid(dffef66376be4fa480fb02b19edbe903) Importer(815301076,1909f56bfc062723c751e8b465ee728b)
Start importing Assets/TextMesh Pro/Sprites/EmojiOne.png using Guid(dffef66376be4fa480fb02b19edbe903) Importer(815301076,1909f56bfc062723c751e8b465ee728b)  -> (artifact id: 'a1afe7900ea561b25bf58b831bb4ae3f') in 0.013978 seconds 
========================================================================
Received Import Request.
  Time since last request: 39.098599 seconds.
  path: Assets/TutorialInfo/Icons/Mobile 2D.png
  artifactKey: Guid(eda43ba821d75d046a45209bde150047) Importer(815301076,1909f56bfc062723c751e8b465ee728b)
Start importing Assets/TutorialInfo/Icons/Mobile 2D.png using Guid(eda43ba821d75d046a45209bde150047) Importer(815301076,1909f56bfc062723c751e8b465ee728b)  -> (artifact id: '8fdc7270435d1414e02b0240c87c4597') in 0.015486 seconds 
========================================================================
Received Import Request.
  Time since last request: 15.628322 seconds.
  path: Assets/TextMesh Pro/Resources/Fonts & Materials/LiberationSans SDF - Outline 1.mat
  artifactKey: Guid(a78e38822b9d1d54494d968ce17aa7cc) Importer(815301076,1909f56bfc062723c751e8b465ee728b)
Start importing Assets/TextMesh Pro/Resources/Fonts & Materials/LiberationSans SDF - Outline 1.mat using Guid(a78e38822b9d1d54494d968ce17aa7cc) Importer(815301076,1909f56bfc062723c751e8b465ee728b)  -> (artifact id: '67ddf4d52f33f67bf15aab47aee3fef3') in 0.057903 seconds 
========================================================================
Received Import Request.
  Time since last request: 4.848340 seconds.
  path: Assets/TextMesh Pro/Resources/Fonts & Materials/LoveDays.mat
  artifactKey: Guid(a78e38822b9d1d54494d968ce17aa7cc) Importer(815301076,1909f56bfc062723c751e8b465ee728b)
Start importing Assets/TextMesh Pro/Resources/Fonts & Materials/LoveDays.mat using Guid(a78e38822b9d1d54494d968ce17aa7cc) Importer(815301076,1909f56bfc062723c751e8b465ee728b)  -> (artifact id: '93326a3ab1e5e4045a6e9066583bc07e') in 0.024438 seconds 
========================================================================
Received Import Request.
  Time since last request: 59.960686 seconds.
  path: Assets/TextMesh Pro/Resources/Fonts & Materials/LiberationSans SDF - Drop Shadow.mat
  artifactKey: Guid(e73a58f6e2794ae7b1b7e50b7fb811b0) Importer(815301076,1909f56bfc062723c751e8b465ee728b)
Start importing Assets/TextMesh Pro/Resources/Fonts & Materials/LiberationSans SDF - Drop Shadow.mat using Guid(e73a58f6e2794ae7b1b7e50b7fb811b0) Importer(815301076,1909f56bfc062723c751e8b465ee728b)  -> (artifact id: '1d5b580038003de6717ab3403b367358') in 0.015090 seconds 
========================================================================
Received Import Request.
  Time since last request: 0.000013 seconds.
  path: Assets/TextMesh Pro/Resources/Fonts & Materials/LoveDays.mat
  artifactKey: Guid(a78e38822b9d1d54494d968ce17aa7cc) Importer(815301076,1909f56bfc062723c751e8b465ee728b)
Start importing Assets/TextMesh Pro/Resources/Fonts & Materials/LoveDays.mat using Guid(a78e38822b9d1d54494d968ce17aa7cc) Importer(815301076,1909f56bfc062723c751e8b465ee728b)  -> (artifact id: '86642c21eb08da26cca74acd02c010b0') in 0.009015 seconds 
========================================================================
Received Import Request.
  Time since last request: 77.687652 seconds.
  path: Assets/TextMesh Pro/Fonts/LoveDays SDF.asset
  artifactKey: Guid(3c68a9174218bbb46b2e5f6c1addeb92) Importer(815301076,1909f56bfc062723c751e8b465ee728b)
Start importing Assets/TextMesh Pro/Fonts/LoveDays SDF.asset using Guid(3c68a9174218bbb46b2e5f6c1addeb92) Importer(815301076,1909f56bfc062723c751e8b465ee728b) Shader 'TextMeshPro/Distance Field': fallback shader 'TextMeshPro/Mobile/Distance Field' not found
 -> (artifact id: 'be0ba543d50526089e5d12d04ab2b45a') in 0.059430 seconds 
========================================================================
Received Import Request.
  Time since last request: 193.713635 seconds.
  path: Assets/TextMesh Pro/Fonts/LoveDays SDF.asset
  artifactKey: Guid(3c68a9174218bbb46b2e5f6c1addeb92) Importer(815301076,1909f56bfc062723c751e8b465ee728b)
Start importing Assets/TextMesh Pro/Fonts/LoveDays SDF.asset using Guid(3c68a9174218bbb46b2e5f6c1addeb92) Importer(815301076,1909f56bfc062723c751e8b465ee728b) Shader 'TextMeshPro/Distance Field': fallback shader 'TextMeshPro/Mobile/Distance Field' not found
 -> (artifact id: 'ab808bb27e82591e51ff79b5977adc6a') in 0.022561 seconds 
========================================================================
Received Import Request.
  Time since last request: 129.503815 seconds.
  path: Assets/Content/Art/UI/button_download.png
  artifactKey: Guid(7ef9317e82d48444ca8b02b4166426a3) Importer(815301076,1909f56bfc062723c751e8b465ee728b)
Start importing Assets/Content/Art/UI/button_download.png using Guid(7ef9317e82d48444ca8b02b4166426a3) Importer(815301076,1909f56bfc062723c751e8b465ee728b)  -> (artifact id: '8308f4aee24e6cc6538b21f739fecd46') in 0.040064 seconds 
========================================================================
Received Import Request.
  Time since last request: 4.129640 seconds.
  path: Assets/Content/Art/Level
  artifactKey: Guid(d81e6e584920c694faf5a20aaacfd654) Importer(815301076,1909f56bfc062723c751e8b465ee728b)
Start importing Assets/Content/Art/Level using Guid(d81e6e584920c694faf5a20aaacfd654) Importer(815301076,1909f56bfc062723c751e8b465ee728b)  -> (artifact id: 'ba06fef6a61c6a0f790946c75a574267') in 0.002077 seconds 
========================================================================
Received Import Request.
  Time since last request: 1717.827613 seconds.
  path: Assets/Content/Art/Level/bird_1.png
  artifactKey: Guid(ab83fbe25f573a94b9775aa864b3d0ab) Importer(815301076,1909f56bfc062723c751e8b465ee728b)
Start importing Assets/Content/Art/Level/bird_1.png using Guid(ab83fbe25f573a94b9775aa864b3d0ab) Importer(815301076,1909f56bfc062723c751e8b465ee728b)  -> (artifact id: '17eb81c5752eee6d687bfc2d30cfeaf6') in 0.110581 seconds 
========================================================================
Received Import Request.
  Time since last request: 0.000074 seconds.
  path: Assets/Content/Art/Level/branch_1.png
  artifactKey: Guid(a244bb0a071df2c4d9b5bdccaac3f0c1) Importer(815301076,1909f56bfc062723c751e8b465ee728b)
Start importing Assets/Content/Art/Level/branch_1.png using Guid(a244bb0a071df2c4d9b5bdccaac3f0c1) Importer(815301076,1909f56bfc062723c751e8b465ee728b)  -> (artifact id: '2bf02f9047b69321ebcf2970afe17fab') in 0.023787 seconds 
========================================================================
Received Import Request.
  Time since last request: 0.000021 seconds.
  path: Assets/Content/Art/Level/lady.png
  artifactKey: Guid(98dd9db2eea55c24aa854e72f0c21125) Importer(815301076,1909f56bfc062723c751e8b465ee728b)
Start importing Assets/Content/Art/Level/lady.png using Guid(98dd9db2eea55c24aa854e72f0c21125) Importer(815301076,1909f56bfc062723c751e8b465ee728b)  -> (artifact id: 'f1c1c7709e4825fa99026d54b825081d') in 0.053314 seconds 
========================================================================
Received Import Request.
  Time since last request: 0.000020 seconds.
  path: Assets/Content/Art/Level/poison.png
  artifactKey: Guid(50f5d67fcc0017c4dbf92cb62152c9b1) Importer(815301076,1909f56bfc062723c751e8b465ee728b)
Start importing Assets/Content/Art/Level/poison.png using Guid(50f5d67fcc0017c4dbf92cb62152c9b1) Importer(815301076,1909f56bfc062723c751e8b465ee728b)  -> (artifact id: 'aa5bc9ca832079d784a37fcab0325d9d') in 0.029411 seconds 
========================================================================
Received Import Request.
  Time since last request: 0.000020 seconds.
  path: Assets/Content/Art/Level/bush_3.png
  artifactKey: Guid(25e3b8213e2a0154198aece0465086b7) Importer(815301076,1909f56bfc062723c751e8b465ee728b)
Start importing Assets/Content/Art/Level/bush_3.png using Guid(25e3b8213e2a0154198aece0465086b7) Importer(815301076,1909f56bfc062723c751e8b465ee728b)  -> (artifact id: '98d5f4c3808277e4e622916a7142e646') in 0.021001 seconds 
========================================================================
Received Import Request.
  Time since last request: 0.000025 seconds.
  path: Assets/Content/Art/Level/pot_big_back.png
  artifactKey: Guid(8f21c1c8eaf231e4eb82a816c10b514c) Importer(815301076,1909f56bfc062723c751e8b465ee728b)
Start importing Assets/Content/Art/Level/pot_big_back.png using Guid(8f21c1c8eaf231e4eb82a816c10b514c) Importer(815301076,1909f56bfc062723c751e8b465ee728b)  -> (artifact id: '192f3477900bdb5dc6401f6d5632b5de') in 0.022331 seconds 
========================================================================
Received Import Request.
  Time since last request: 0.000015 seconds.
  path: Assets/Content/Art/Level/wall.png
  artifactKey: Guid(b153fbfc35761644685d02d63687b46c) Importer(815301076,1909f56bfc062723c751e8b465ee728b)
Start importing Assets/Content/Art/Level/wall.png using Guid(b153fbfc35761644685d02d63687b46c) Importer(815301076,1909f56bfc062723c751e8b465ee728b)  -> (artifact id: '4214c6f1f980f5fb915f6dc91e04fd78') in 0.128149 seconds 
========================================================================
Received Import Request.
  Time since last request: 0.000019 seconds.
  path: Assets/Content/Art/Level/window_frame_back.png
  artifactKey: Guid(cf2a168ee66014c458b4d72ad31d462f) Importer(815301076,1909f56bfc062723c751e8b465ee728b)
Start importing Assets/Content/Art/Level/window_frame_back.png using Guid(cf2a168ee66014c458b4d72ad31d462f) Importer(815301076,1909f56bfc062723c751e8b465ee728b)  -> (artifact id: 'a35605a8a10361835674701f519f55e9') in 0.052338 seconds 
========================================================================
Received Import Request.
  Time since last request: 0.000025 seconds.
  path: Assets/Content/Art/Level/window_frame_front.png
  artifactKey: Guid(dfb29490216eedf478b4b06480e9e16c) Importer(815301076,1909f56bfc062723c751e8b465ee728b)
Start importing Assets/Content/Art/Level/window_frame_front.png using Guid(dfb29490216eedf478b4b06480e9e16c) Importer(815301076,1909f56bfc062723c751e8b465ee728b)  -> (artifact id: '37692b6145fca668ec630c232d9edb98') in 0.042783 seconds 
========================================================================
Received Import Request.
  Time since last request: 0.000019 seconds.
  path: Assets/Content/Art/Level/frame_1.png
  artifactKey: Guid(7a3ca0440d3e7f249a4009fb80bbec42) Importer(815301076,1909f56bfc062723c751e8b465ee728b)
Start importing Assets/Content/Art/Level/frame_1.png using Guid(7a3ca0440d3e7f249a4009fb80bbec42) Importer(815301076,1909f56bfc062723c751e8b465ee728b)  -> (artifact id: '26f6ed1b79270b3fab1ac0fba2f6e03b') in 0.027066 seconds 
========================================================================
Received Import Request.
  Time since last request: 0.000021 seconds.
  path: Assets/Content/Art/Level/sky.png
  artifactKey: Guid(28862eb433de9004b99643fa1870e45d) Importer(815301076,1909f56bfc062723c751e8b465ee728b)
Start importing Assets/Content/Art/Level/sky.png using Guid(28862eb433de9004b99643fa1870e45d) Importer(815301076,1909f56bfc062723c751e8b465ee728b)  -> (artifact id: '45e08f3c183ee398625c57e9297ace9a') in 0.060654 seconds 
========================================================================
Received Import Request.
  Time since last request: 0.000018 seconds.
  path: Assets/Content/Art/Level/branch_2.png
  artifactKey: Guid(158f1cf3e093b404bb6180caea2f6cdd) Importer(815301076,1909f56bfc062723c751e8b465ee728b)
Start importing Assets/Content/Art/Level/branch_2.png using Guid(158f1cf3e093b404bb6180caea2f6cdd) Importer(815301076,1909f56bfc062723c751e8b465ee728b)  -> (artifact id: 'c5c0da611fc50f262115a33e3d24bdc1') in 0.039832 seconds 
========================================================================
Received Import Request.
  Time since last request: 0.000028 seconds.
  path: Assets/Content/Art/Level/steam_white.png
  artifactKey: Guid(1715e45764ccb6e4f884f1c5889aaab6) Importer(815301076,1909f56bfc062723c751e8b465ee728b)
Start importing Assets/Content/Art/Level/steam_white.png using Guid(1715e45764ccb6e4f884f1c5889aaab6) Importer(815301076,1909f56bfc062723c751e8b465ee728b)  -> (artifact id: 'a9e98679816d321501df8f93196ad400') in 0.025670 seconds 
========================================================================
Received Import Request.
  Time since last request: 0.000022 seconds.
  path: Assets/Content/Art/Level/red_bottle.png
  artifactKey: Guid(edcfafde5baaf8c438825ec5a682872d) Importer(815301076,1909f56bfc062723c751e8b465ee728b)
Start importing Assets/Content/Art/Level/red_bottle.png using Guid(edcfafde5baaf8c438825ec5a682872d) Importer(815301076,1909f56bfc062723c751e8b465ee728b)  -> (artifact id: 'c98b638a2a6311d1518edb62236d0568') in 0.024119 seconds 
========================================================================
Received Import Request.
  Time since last request: 0.000038 seconds.
  path: Assets/Content/Art/Level/pot_handle.png
  artifactKey: Guid(845939bfd10570947836100c4a02918d) Importer(815301076,1909f56bfc062723c751e8b465ee728b)
Start importing Assets/Content/Art/Level/pot_handle.png using Guid(845939bfd10570947836100c4a02918d) Importer(815301076,1909f56bfc062723c751e8b465ee728b)  -> (artifact id: 'aee4d7bf51fac0eeebff3facbc77629a') in 0.027118 seconds 
========================================================================
Received Import Request.
  Time since last request: 0.000023 seconds.
  path: Assets/Content/Art/Level/collar.png
  artifactKey: Guid(3c5c8768cf80a0d499796afb3bd8df61) Importer(815301076,1909f56bfc062723c751e8b465ee728b)
Start importing Assets/Content/Art/Level/collar.png using Guid(3c5c8768cf80a0d499796afb3bd8df61) Importer(815301076,1909f56bfc062723c751e8b465ee728b)  -> (artifact id: 'ae5c10456bc81f56d7de6efeca903027') in 0.027665 seconds 
========================================================================
Received Import Request.
  Time since last request: 0.000027 seconds.
  path: Assets/Content/Art/Level/corn_flakes.png
  artifactKey: Guid(5305482fc6d608d44b1aea367c13e3bf) Importer(815301076,1909f56bfc062723c751e8b465ee728b)
Start importing Assets/Content/Art/Level/corn_flakes.png using Guid(5305482fc6d608d44b1aea367c13e3bf) Importer(815301076,1909f56bfc062723c751e8b465ee728b)  -> (artifact id: '98f43d8d3928f5bbba6eb8e283a0bdc2') in 0.026114 seconds 
========================================================================
Received Import Request.
  Time since last request: 0.000021 seconds.
  path: Assets/Content/Art/Level/red_pepper.png
  artifactKey: Guid(0eb86ee64e7b0784cb249fed01f2d1e6) Importer(815301076,1909f56bfc062723c751e8b465ee728b)
Start importing Assets/Content/Art/Level/red_pepper.png using Guid(0eb86ee64e7b0784cb249fed01f2d1e6) Importer(815301076,1909f56bfc062723c751e8b465ee728b)  -> (artifact id: '0fda7a492cf4150c66ac43a159270115') in 0.019931 seconds 
Editor requested this worker to shutdown with reason: Scaling down because of idle timeout
AssetImportWorker is now disconnected from the server
Process exiting
Exiting without the bug reporter. Application will terminate with return code 0